#
# There is insufficient memory for the Java Runtime Environment to continue.
# Native memory allocation (malloc) failed to allocate 1719216 bytes for Chunk::new
# Possible reasons:
#   The system is out of physical RAM or swap space
#   In 32 bit mode, the process size limit was hit
# Possible solutions:
#   Reduce memory load on the system
#   Increase physical memory or swap space
#   Check if swap backing store is full
#   Use 64 bit Java on a 64 bit OS
#   Decrease Java heap size (-Xmx/-Xms)
#   Decrease number of Java threads
#   Decrease Java thread stack sizes (-Xss)
#   Set larger code cache with -XX:ReservedCodeCacheSize=
# This output file may be truncated or incomplete.
#
#  Out of Memory Error (allocation.cpp:390), pid=9748, tid=0x0000000000002cf4
#
# JRE version: OpenJDK Runtime Environment (8.0_152-b01) (build 1.8.0_152-release-915-b01)
# Java VM: OpenJDK 64-Bit Server VM (25.152-b01 mixed mode windows-amd64 compressed oops)
# Failed to write core dump. Minidumps are not enabled by default on client versions of Windows
#

---------------  T H R E A D  ---------------

Current thread (0x000000001906d000):  JavaThread "C2 CompilerThread0" daemon [_thread_in_native, id=11508, stack(0x0000000019830000,0x0000000019930000)]

Stack: [0x0000000019830000,0x0000000019930000]
[error occurred during error reporting (printing stack bounds), id 0xc0000005]

Native frames: (J=compiled Java code, j=interpreted, Vv=VM code, C=native code)


Current CompileTask:
C2:   8249 1641       4       java.net.URLClassLoader$1::run (5 bytes)


---------------  P R O C E S S  ---------------

Java Threads: ( => current thread )
  0x000000001b1c9000 JavaThread "Cache worker for file hash cache (C:\Users\Ostap\AndroidStudioProjects\ud839_Miwok-Starter-code\.gradle\4.1\fileHashes)" [_thread_blocked, id=10736, stack(0x000000001db50000,0x000000001dc50000)]
  0x000000001b534800 JavaThread "File lock request listener" [_thread_in_native, id=8732, stack(0x000000001c880000,0x000000001c980000)]
  0x000000001b1d8800 JavaThread "Cache worker for file hash cache (C:\Users\Ostap\.gradle\caches\4.1\fileHashes)" [_thread_blocked, id=10388, stack(0x000000001c780000,0x000000001c880000)]
  0x000000001adfb000 JavaThread "Stdin handler" [_thread_blocked, id=11548, stack(0x000000001c580000,0x000000001c680000)]
  0x000000001adfc800 JavaThread "Asynchronous log dispatcher for DefaultDaemonConnection: socket connection from /127.0.0.1:61656 to /127.0.0.1:61657" [_thread_blocked, id=11324, stack(0x000000001c480000,0x000000001c580000)]
  0x000000001addc800 JavaThread "Daemon worker" [_thread_in_native, id=1856, stack(0x000000001c380000,0x000000001c480000)]
  0x000000001addc000 JavaThread "Cancel handler" [_thread_blocked, id=6284, stack(0x000000001c280000,0x000000001c380000)]
  0x000000001b119000 JavaThread "Handler for socket connection from /127.0.0.1:61656 to /127.0.0.1:61657" [_thread_in_native, id=10056, stack(0x000000001bf80000,0x000000001c080000)]
  0x000000001b118000 JavaThread "Daemon" [_thread_blocked, id=3952, stack(0x000000001be80000,0x000000001bf80000)]
  0x000000001b111000 JavaThread "Daemon periodic checks" [_thread_blocked, id=6824, stack(0x000000001bd80000,0x000000001be80000)]
  0x000000001af1e800 JavaThread "Incoming local TCP Connector on port 61656" [_thread_in_native, id=9824, stack(0x000000001bb40000,0x000000001bc40000)]
  0x0000000019114000 JavaThread "Service Thread" daemon [_thread_blocked, id=9112, stack(0x0000000019c30000,0x0000000019d30000)]
  0x0000000019076800 JavaThread "C1 CompilerThread3" daemon [_thread_blocked, id=5492, stack(0x0000000019b30000,0x0000000019c30000)]
  0x0000000019073000 JavaThread "C2 CompilerThread2" daemon [_thread_in_native, id=10928, stack(0x0000000019a30000,0x0000000019b30000)]
  0x0000000019071000 JavaThread "C2 CompilerThread1" daemon [_thread_blocked, id=6776, stack(0x0000000019930000,0x0000000019a30000)]
=>0x000000001906d000 JavaThread "C2 CompilerThread0" daemon [_thread_in_native, id=11508, stack(0x0000000019830000,0x0000000019930000)]
  0x000000001906a800 JavaThread "Attach Listener" daemon [_thread_blocked, id=1344, stack(0x0000000019730000,0x0000000019830000)]
  0x0000000019069000 JavaThread "Signal Dispatcher" daemon [_thread_blocked, id=3668, stack(0x0000000019630000,0x0000000019730000)]
  0x000000000465e000 JavaThread "Finalizer" daemon [_thread_blocked, id=9760, stack(0x0000000019440000,0x0000000019540000)]
  0x0000000004657000 JavaThread "Reference Handler" daemon [_thread_blocked, id=7084, stack(0x0000000018f40000,0x0000000019040000)]
  0x0000000002b2d800 JavaThread "main" [_thread_blocked, id=1844, stack(0x00000000043c0000,0x00000000044c0000)]

Other Threads:
  0x0000000017175000 VMThread [stack: 0x0000000018e40000,0x0000000018f40000] [id=11144]
  0x0000000019115000 WatcherThread [stack: 0x0000000019d30000,0x0000000019e30000] [id=6088]

VM state:not at safepoint (normal execution)

VM Mutex/Monitor currently owned by a thread: None

Heap:
 PSYoungGen      total 38400K, used 30229K [0x00000000eab00000, 0x00000000ed580000, 0x0000000100000000)
  eden space 33280K, 75% used [0x00000000eab00000,0x00000000ec3874e8,0x00000000ecb80000)
  from space 5120K, 99% used [0x00000000ecb80000,0x00000000ed07e278,0x00000000ed080000)
  to   space 5120K, 0% used [0x00000000ed080000,0x00000000ed080000,0x00000000ed580000)
 ParOldGen       total 87552K, used 4012K [0x00000000c0000000, 0x00000000c5580000, 0x00000000eab00000)
  object space 87552K, 4% used [0x00000000c0000000,0x00000000c03eb278,0x00000000c5580000)
 Metaspace       used 19093K, capacity 19524K, committed 19840K, reserved 1067008K
  class space    used 2662K, capacity 2847K, committed 2944K, reserved 1048576K

Card table byte_map: [0x0000000013a20000,0x0000000013c30000] byte_map_base: 0x0000000013420000

Marking Bits: (ParMarkBitMap*) 0x0000000061bb3950
 Begin Bits: [0x0000000014590000, 0x0000000015590000)
 End Bits:   [0x0000000015590000, 0x0000000016590000)

Polling page: 0x0000000002af0000

CodeCache: size=245760Kb used=6019Kb max_used=6019Kb free=239740Kb
 bounds [0x0000000004660000, 0x0000000004c50000, 0x0000000013660000]
 total_blobs=2095 nmethods=1713 adapters=295
 compilation: enabled

Compilation events (10 events):
Event: 8.185 Thread 0x0000000019076800 1712       3       java.lang.Class$MethodArray::removeLessSpecifics (111 bytes)
Event: 8.186 Thread 0x0000000019076800 nmethod 1712 0x0000000004c40050 code [0x0000000004c40260, 0x0000000004c40ff8]
Event: 8.186 Thread 0x0000000019076800 1715       3       java.lang.Class::privateGetMethodRecursive (130 bytes)
Event: 8.187 Thread 0x0000000019076800 nmethod 1715 0x0000000004c3f190 code [0x0000000004c3f3a0, 0x0000000004c3fc78]
Event: 8.187 Thread 0x0000000019076800 1714       3       java.lang.Class::getMethod0 (40 bytes)
Event: 8.187 Thread 0x0000000019076800 nmethod 1714 0x0000000004c3eb90 code [0x0000000004c3ed20, 0x0000000004c3f038]
Event: 8.187 Thread 0x0000000019076800 1716       3       java.lang.Class::getMethod (64 bytes)
Event: 8.188 Thread 0x0000000019076800 nmethod 1716 0x0000000004c42c90 code [0x0000000004c42ee0, 0x0000000004c43b68]
Event: 8.188 Thread 0x0000000019076800 1713       3       java.lang.reflect.Method::getAnnotation (6 bytes)
Event: 8.188 Thread 0x0000000019076800 nmethod 1713 0x0000000004c3de10 code [0x0000000004c3e000, 0x0000000004c3e808]

GC Heap History (6 events):
Event: 2.958 GC heap before
{Heap before GC invocations=1 (full 0):
 PSYoungGen      total 38400K, used 33008K [0x00000000eab00000, 0x00000000ed580000, 0x0000000100000000)
  eden space 33280K, 99% used [0x00000000eab00000,0x00000000ecb3c398,0x00000000ecb80000)
  from space 5120K, 0% used [0x00000000ed080000,0x00000000ed080000,0x00000000ed580000)
  to   space 5120K, 0% used [0x00000000ecb80000,0x00000000ecb80000,0x00000000ed080000)
 ParOldGen       total 87552K, used 0K [0x00000000c0000000, 0x00000000c5580000, 0x00000000eab00000)
  object space 87552K, 0% used [0x00000000c0000000,0x00000000c0000000,0x00000000c5580000)
 Metaspace       used 6888K, capacity 7064K, committed 7424K, reserved 1056768K
  class space    used 838K, capacity 909K, committed 1024K, reserved 1048576K
Event: 2.963 GC heap after
Heap after GC invocations=1 (full 0):
 PSYoungGen      total 38400K, used 4483K [0x00000000eab00000, 0x00000000ed580000, 0x0000000100000000)
  eden space 33280K, 0% used [0x00000000eab00000,0x00000000eab00000,0x00000000ecb80000)
  from space 5120K, 87% used [0x00000000ecb80000,0x00000000ecfe0db8,0x00000000ed080000)
  to   space 5120K, 0% used [0x00000000ed080000,0x00000000ed080000,0x00000000ed580000)
 ParOldGen       total 87552K, used 8K [0x00000000c0000000, 0x00000000c5580000, 0x00000000eab00000)
  object space 87552K, 0% used [0x00000000c0000000,0x00000000c0002000,0x00000000c5580000)
 Metaspace       used 6888K, capacity 7064K, committed 7424K, reserved 1056768K
  class space    used 838K, capacity 909K, committed 1024K, reserved 1048576K
}
Event: 5.851 GC heap before
{Heap before GC invocations=2 (full 0):
 PSYoungGen      total 38400K, used 37763K [0x00000000eab00000, 0x00000000ed580000, 0x0000000100000000)
  eden space 33280K, 100% used [0x00000000eab00000,0x00000000ecb80000,0x00000000ecb80000)
  from space 5120K, 87% used [0x00000000ecb80000,0x00000000ecfe0db8,0x00000000ed080000)
  to   space 5120K, 0% used [0x00000000ed080000,0x00000000ed080000,0x00000000ed580000)
 ParOldGen       total 87552K, used 8K [0x00000000c0000000, 0x00000000c5580000, 0x00000000eab00000)
  object space 87552K, 0% used [0x00000000c0000000,0x00000000c0002000,0x00000000c5580000)
 Metaspace       used 12232K, capacity 12556K, committed 12800K, reserved 1060864K
  class space    used 1639K, capacity 1770K, committed 1792K, reserved 1048576K
Event: 5.857 GC heap after
Heap after GC invocations=2 (full 0):
 PSYoungGen      total 38400K, used 5093K [0x00000000eab00000, 0x00000000ed580000, 0x0000000100000000)
  eden space 33280K, 0% used [0x00000000eab00000,0x00000000eab00000,0x00000000ecb80000)
  from space 5120K, 99% used [0x00000000ed080000,0x00000000ed5796a8,0x00000000ed580000)
  to   space 5120K, 0% used [0x00000000ecb80000,0x00000000ecb80000,0x00000000ed080000)
 ParOldGen       total 87552K, used 999K [0x00000000c0000000, 0x00000000c5580000, 0x00000000eab00000)
  object space 87552K, 1% used [0x00000000c0000000,0x00000000c00f9c20,0x00000000c5580000)
 Metaspace       used 12232K, capacity 12556K, committed 12800K, reserved 1060864K
  class space    used 1639K, capacity 1770K, committed 1792K, reserved 1048576K
}
Event: 6.855 GC heap before
{Heap before GC invocations=3 (full 0):
 PSYoungGen      total 38400K, used 38373K [0x00000000eab00000, 0x00000000ed580000, 0x0000000100000000)
  eden space 33280K, 100% used [0x00000000eab00000,0x00000000ecb80000,0x00000000ecb80000)
  from space 5120K, 99% used [0x00000000ed080000,0x00000000ed5796a8,0x00000000ed580000)
  to   space 5120K, 0% used [0x00000000ecb80000,0x00000000ecb80000,0x00000000ed080000)
 ParOldGen       total 87552K, used 999K [0x00000000c0000000, 0x00000000c5580000, 0x00000000eab00000)
  object space 87552K, 1% used [0x00000000c0000000,0x00000000c00f9c20,0x00000000c5580000)
 Metaspace       used 15677K, capacity 15984K, committed 16256K, reserved 1062912K
  class space    used 2209K, capacity 2316K, committed 2432K, reserved 1048576K
Event: 6.862 GC heap after
Heap after GC invocations=3 (full 0):
 PSYoungGen      total 38400K, used 5112K [0x00000000eab00000, 0x00000000ed580000, 0x0000000100000000)
  eden space 33280K, 0% used [0x00000000eab00000,0x00000000eab00000,0x00000000ecb80000)
  from space 5120K, 99% used [0x00000000ecb80000,0x00000000ed07e278,0x00000000ed080000)
  to   space 5120K, 0% used [0x00000000ed080000,0x00000000ed080000,0x00000000ed580000)
 ParOldGen       total 87552K, used 4012K [0x00000000c0000000, 0x00000000c5580000, 0x00000000eab00000)
  object space 87552K, 4% used [0x00000000c0000000,0x00000000c03eb278,0x00000000c5580000)
 Metaspace       used 15677K, capacity 15984K, committed 16256K, reserved 1062912K
  class space    used 2209K, capacity 2316K, committed 2432K, reserved 1048576K
}

Deoptimization events (10 events):
Event: 7.046 Thread 0x000000001addc800 Uncommon trap: reason=bimorphic action=maybe_recompile pc=0x0000000004b34e88 method=java.lang.ClassLoader.getPackage(Ljava/lang/String;)Ljava/lang/Package; @ 47
Event: 7.235 Thread 0x000000001addc800 Uncommon trap: reason=unstable_if action=reinterpret pc=0x0000000004919a54 method=java.lang.AbstractStringBuilder.append(Ljava/lang/String;)Ljava/lang/AbstractStringBuilder; @ 1
Event: 7.235 Thread 0x000000001addc800 Uncommon trap: reason=unstable_if action=reinterpret pc=0x00000000048739c0 method=java.lang.AbstractStringBuilder.append(Ljava/lang/String;)Ljava/lang/AbstractStringBuilder; @ 1
Event: 7.283 Thread 0x000000001b1c9000 Uncommon trap: reason=bimorphic action=maybe_recompile pc=0x0000000004b78980 method=java.io.DataOutputStream.writeShort(I)V @ 12
Event: 7.601 Thread 0x000000001addc800 Uncommon trap: reason=class_check action=maybe_recompile pc=0x000000000480eee0 method=java.lang.String.equals(Ljava/lang/Object;)Z @ 8
Event: 7.601 Thread 0x000000001addc800 Uncommon trap: reason=class_check action=maybe_recompile pc=0x000000000480eee0 method=java.lang.String.equals(Ljava/lang/Object;)Z @ 8
Event: 7.602 Thread 0x000000001addc800 Uncommon trap: reason=class_check action=maybe_recompile pc=0x000000000480eee0 method=java.lang.String.equals(Ljava/lang/Object;)Z @ 8
Event: 7.602 Thread 0x000000001addc800 Uncommon trap: reason=class_check action=maybe_recompile pc=0x000000000480eee0 method=java.lang.String.equals(Ljava/lang/Object;)Z @ 8
Event: 7.727 Thread 0x000000001addc800 Uncommon trap: reason=class_check action=maybe_recompile pc=0x0000000004833534 method=sun.misc.URLClassPath.getLoader(I)Lsun/misc/URLClassPath$Loader; @ 94
Event: 7.727 Thread 0x000000001addc800 Uncommon trap: reason=class_check action=maybe_recompile pc=0x0000000004c09668 method=sun.misc.URLClassPath.getResource(Ljava/lang/String;Z)Lsun/misc/Resource; @ 62

Classes redefined (0 events):
No events

Internal exceptions (10 events):
Event: 7.063 Thread 0x000000001addc800 Exception <a 'java/lang/NoSuchMethodError': <clinit>> (0x00000000eb304e60) thrown at [D:\src\AOSP-openjdk-cygwin\jdk8u\hotspot\src\share\vm\prims\jni.cpp, line 1613]
Event: 7.064 Thread 0x000000001addc800 Exception <a 'java/lang/NoSuchMethodError': <clinit>> (0x00000000eb317bb0) thrown at [D:\src\AOSP-openjdk-cygwin\jdk8u\hotspot\src\share\vm\prims\jni.cpp, line 1613]
Event: 7.065 Thread 0x000000001addc800 Exception <a 'java/lang/NoSuchMethodError': <clinit>> (0x00000000eb321290) thrown at [D:\src\AOSP-openjdk-cygwin\jdk8u\hotspot\src\share\vm\prims\jni.cpp, line 1613]
Event: 7.065 Thread 0x000000001addc800 Exception <a 'java/lang/NoSuchMethodError': <clinit>> (0x00000000eb32c048) thrown at [D:\src\AOSP-openjdk-cygwin\jdk8u\hotspot\src\share\vm\prims\jni.cpp, line 1613]
Event: 7.066 Thread 0x000000001addc800 Exception <a 'java/lang/NoSuchMethodError': <clinit>> (0x00000000eb33cd08) thrown at [D:\src\AOSP-openjdk-cygwin\jdk8u\hotspot\src\share\vm\prims\jni.cpp, line 1613]
Event: 7.072 Thread 0x000000001addc800 Exception <a 'java/lang/NoSuchMethodError': <clinit>> (0x00000000eb38e470) thrown at [D:\src\AOSP-openjdk-cygwin\jdk8u\hotspot\src\share\vm\prims\jni.cpp, line 1613]
Event: 7.072 Thread 0x000000001addc800 Exception <a 'java/lang/NoSuchMethodError': <clinit>> (0x00000000eb392130) thrown at [D:\src\AOSP-openjdk-cygwin\jdk8u\hotspot\src\share\vm\prims\jni.cpp, line 1613]
Event: 7.072 Thread 0x000000001addc800 Exception <a 'java/lang/NoSuchMethodError': <clinit>> (0x00000000eb393c38) thrown at [D:\src\AOSP-openjdk-cygwin\jdk8u\hotspot\src\share\vm\prims\jni.cpp, line 1613]
Event: 7.235 Thread 0x000000001addc800 Implicit null exception at 0x0000000004919694 to 0x0000000004919a3d
Event: 7.235 Thread 0x000000001addc800 Implicit null exception at 0x0000000004873616 to 0x00000000048739a9

Events (10 events):
Event: 8.184 loading class org/codehaus/groovy/vmplugin/v5/PluginDefaultGroovyMethods
Event: 8.184 loading class org/codehaus/groovy/vmplugin/v5/PluginDefaultGroovyMethods done
Event: 8.184 loading class org/codehaus/groovy/vmplugin/v7/Java7$1
Event: 8.184 loading class org/codehaus/groovy/vmplugin/v7/Java7$1 done
Event: 8.186 loading class org/codehaus/groovy/runtime/RangeInfo
Event: 8.186 loading class org/codehaus/groovy/runtime/RangeInfo done
Event: 8.186 loading class java/lang/Deprecated
Event: 8.205 loading class java/lang/Deprecated done
Event: 8.205 loading class org/codehaus/groovy/runtime/metaclass/NewInstanceMetaMethod
Event: 8.205 loading class org/codehaus/groovy/runtime/metaclass/NewInstanceMetaMethod done


Dynamic libraries:
0x00007ff629390000 - 0x00007ff6293c1000 	C:\Program Files\Android\Android Studio\jre\bin\java.exe
0x00007ffb31950000 - 0x00007ffb31b30000 	C:\WINDOWS\SYSTEM32\ntdll.dll
0x00007ffb2fa00000 - 0x00007ffb2faae000 	C:\WINDOWS\System32\KERNEL32.DLL
0x00007ffb2e7f0000 - 0x00007ffb2ea56000 	C:\WINDOWS\System32\KERNELBASE.dll
0x00007ffb302d0000 - 0x00007ffb30371000 	C:\WINDOWS\System32\ADVAPI32.dll
0x00007ffb2fd90000 - 0x00007ffb2fe2d000 	C:\WINDOWS\System32\msvcrt.dll
0x00007ffb2f450000 - 0x00007ffb2f4ab000 	C:\WINDOWS\System32\sechost.dll
0x00007ffb2fe30000 - 0x00007ffb2ff4f000 	C:\WINDOWS\System32\RPCRT4.dll
0x00007ffb2fc00000 - 0x00007ffb2fd8f000 	C:\WINDOWS\System32\USER32.dll
0x00007ffb2df30000 - 0x00007ffb2df50000 	C:\WINDOWS\System32\win32u.dll
0x00007ffb2ff50000 - 0x00007ffb2ff78000 	C:\WINDOWS\System32\GDI32.dll
0x00007ffb2ec80000 - 0x00007ffb2ee13000 	C:\WINDOWS\System32\gdi32full.dll
0x00007ffb2e6a0000 - 0x00007ffb2e73b000 	C:\WINDOWS\System32\msvcp_win.dll
0x00007ffb2ddd0000 - 0x00007ffb2dec6000 	C:\WINDOWS\System32\ucrtbase.dll
0x00007ffb21ab0000 - 0x00007ffb21d19000 	C:\WINDOWS\WinSxS\amd64_microsoft.windows.common-controls_6595b64144ccf1df_6.0.16299.248_none_15ced204935f55d7\COMCTL32.dll
0x00007ffb2f140000 - 0x00007ffb2f448000 	C:\WINDOWS\System32\combase.dll
0x00007ffb2dd50000 - 0x00007ffb2ddc2000 	C:\WINDOWS\System32\bcryptPrimitives.dll
0x00007ffb30380000 - 0x00007ffb303ad000 	C:\WINDOWS\System32\IMM32.DLL
0x000000005e820000 - 0x000000005e8f2000 	C:\Program Files\Android\Android Studio\jre\jre\bin\msvcr100.dll
0x00000000613f0000 - 0x0000000061c2e000 	C:\Program Files\Android\Android Studio\jre\jre\bin\server\jvm.dll
0x00007ffb303b0000 - 0x00007ffb303b8000 	C:\WINDOWS\System32\PSAPI.DLL
0x00007ffb27e40000 - 0x00007ffb27e4a000 	C:\WINDOWS\SYSTEM32\VERSION.dll
0x00007ffb2ab30000 - 0x00007ffb2ab39000 	C:\WINDOWS\SYSTEM32\WSOCK32.dll
0x00007ffb2ad60000 - 0x00007ffb2ad83000 	C:\WINDOWS\SYSTEM32\WINMM.dll
0x00007ffb2ad20000 - 0x00007ffb2ad4a000 	C:\WINDOWS\SYSTEM32\WINMMBASE.dll
0x00007ffb30260000 - 0x00007ffb302cc000 	C:\WINDOWS\System32\WS2_32.dll
0x00007ffb2ea60000 - 0x00007ffb2eaaa000 	C:\WINDOWS\System32\cfgmgr32.dll
0x00007ffb2a350000 - 0x00007ffb2a35f000 	C:\Program Files\Android\Android Studio\jre\jre\bin\verify.dll
0x00007ffb27ad0000 - 0x00007ffb27af9000 	C:\Program Files\Android\Android Studio\jre\jre\bin\java.dll
0x00007ffb27380000 - 0x00007ffb27396000 	C:\Program Files\Android\Android Studio\jre\jre\bin\zip.dll
0x00007ffb303c0000 - 0x00007ffb317f6000 	C:\WINDOWS\System32\SHELL32.dll
0x00007ffb2fb50000 - 0x00007ffb2fbf6000 	C:\WINDOWS\System32\shcore.dll
0x00007ffb2df50000 - 0x00007ffb2e697000 	C:\WINDOWS\System32\windows.storage.dll
0x00007ffb2ff80000 - 0x00007ffb2ffd1000 	C:\WINDOWS\System32\shlwapi.dll
0x00007ffb2dcf0000 - 0x00007ffb2dd01000 	C:\WINDOWS\System32\kernel.appcore.dll
0x00007ffb2dca0000 - 0x00007ffb2dcec000 	C:\WINDOWS\System32\powrprof.dll
0x00007ffb2dd10000 - 0x00007ffb2dd2b000 	C:\WINDOWS\System32\profapi.dll
0x00007ffb27360000 - 0x00007ffb2737a000 	C:\Program Files\Android\Android Studio\jre\jre\bin\net.dll
0x00007ffb2d4d0000 - 0x00007ffb2d536000 	C:\WINDOWS\system32\mswsock.dll
0x00007ffb27340000 - 0x00007ffb27351000 	C:\Program Files\Android\Android Studio\jre\jre\bin\nio.dll
0x00007ffb269e0000 - 0x00007ffb269fe000 	C:\Users\Ostap\.gradle\native\25\windows-amd64\native-platform.dll
0x00007ffb2a340000 - 0x00007ffb2a34d000 	C:\Program Files\Android\Android Studio\jre\jre\bin\management.dll
0x00007ffb2d690000 - 0x00007ffb2d6a7000 	C:\WINDOWS\SYSTEM32\CRYPTSP.dll
0x00007ffb2d0e0000 - 0x00007ffb2d113000 	C:\WINDOWS\system32\rsaenh.dll
0x00007ffb2d7a0000 - 0x00007ffb2d7c5000 	C:\WINDOWS\SYSTEM32\bcrypt.dll
0x00007ffb2dba0000 - 0x00007ffb2dbc9000 	C:\WINDOWS\SYSTEM32\USERENV.dll
0x00007ffb2d6b0000 - 0x00007ffb2d6bb000 	C:\WINDOWS\SYSTEM32\CRYPTBASE.dll
0x00007ffb2d260000 - 0x00007ffb2d299000 	C:\WINDOWS\SYSTEM32\IPHLPAPI.DLL
0x00007ffb31800000 - 0x00007ffb31808000 	C:\WINDOWS\System32\NSI.dll
0x00007ffb26dc0000 - 0x00007ffb26dd6000 	C:\WINDOWS\SYSTEM32\dhcpcsvc6.DLL
0x00007ffb271d0000 - 0x00007ffb271ea000 	C:\WINDOWS\SYSTEM32\dhcpcsvc.DLL

VM Arguments:
jvm_args: -XX:+HeapDumpOnOutOfMemoryError -Xmx1024m -Dfile.encoding=windows-1251 -Duser.country=UA -Duser.language=uk -Duser.variant 
java_command: org.gradle.launcher.daemon.bootstrap.GradleDaemon 4.1
java_class_path (initial): C:\Users\Ostap\.gradle\wrapper\dists\gradle-4.1-all\bzyivzo6n839fup2jbap0tjew\gradle-4.1\lib\gradle-launcher-4.1.jar
Launcher Type: SUN_STANDARD

Environment Variables:
PATH=C:\ProgramData\Oracle\Java\javapath;C:\WINDOWS\system32;C:\WINDOWS;C:\WINDOWS\System32\Wbem;C:\WINDOWS\System32\WindowsPowerShell\v1.0\;C:\Program Files (x86)\NVIDIA Corporation\PhysX\Common;%SystemRoot%\system32;%SystemRoot%;%SystemRoot%\System32\Wbem;%SYSTEMROOT%\System32\WindowsPowerShell\v1.0\;C:\Program Files (x86)\Java\jdk1.8.0_151\bin;%USERPROFILE%\AppData\Local\Microsoft\WindowsApps;
USERNAME=Ostap
OS=Windows_NT
PROCESSOR_IDENTIFIER=Intel64 Family 6 Model 58 Stepping 9, GenuineIntel



---------------  S Y S T E M  ---------------

OS: Windows 10.0 , 64 bit Build 16299 (10.0.16299.15)

CPU:total 8 (initial active 8) (4 cores per cpu, 2 threads per core) family 6 model 58 stepping 9, cmov, cx8, fxsr, mmx, sse, sse2, sse3, ssse3, sse4.1, sse4.2, popcnt, avx, aes, clmul, erms, ht, tsc, tscinvbit, tscinv

Memory: 4k page, physical 8271612k(331160k free), swap 10319612k(5712k free)

vm_info: OpenJDK 64-Bit Server VM (25.152-b01) for windows-amd64 JRE (1.8.0_152-release-915-b01), built by "builder" with MS VC++ 10.0 (VS2010)

time: Mon Mar 12 12:47:22 2018
elapsed time: 8 seconds (0d 0h 0m 8s)

